"Start of log file."
"C:/Users/LG/Desktop/JUMPCO~1/JUMPCO~1/JUMPCO~1/Assets/Object/???~1.MAX"
"Starting max loading and fbx conversion"
window = undefined
"Settings units"
"Before fbx export"
"After fbx export"
"Finished max loading and fbx conversion"
"C:/Users/LG/Desktop/JUMPCO~1/JUMPCO~1/JUMPCO~1/Assets/Object/????.max"
"Starting max loading and fbx conversion"
window = undefined
"Settings units"
"Before fbx export"
"After fbx export"
"Finished max loading and fbx conversion"
"C:/Users/LG/Desktop/JUMPCO~1/JUMPCO~1/JUMPCO~1/Assets/Object/Desk.max"
"Starting max loading and fbx conversion"
window = undefined
"Settings units"
"Before fbx export"
"After fbx export"
"Finished max loading and fbx conversion"
"C:/Users/LG/Desktop/JUMPCO~1/JUMPCO~1/JUMPCO~1/Assets/Object/???~1.MAX"
"Starting max loading and fbx conversion"
window = undefined
"Settings units"
"Before fbx export"
"After fbx export"
"Finished max loading and fbx conversion"
"C:/Users/LG/Desktop/JUMPCO~1/JUMPCO~1/JUMPCO~1/Assets/Object/???~2.MAX"
"Starting max loading and fbx conversion"
window = undefined
"Settings units"
"Before fbx export"
"After fbx export"
"Finished max loading and fbx conversion"
"C:/Users/LG/Desktop/JUMPCO~1/JUMPCO~1/JUMPCO~1/Assets/Object/Desk.max"
"Starting max loading and fbx conversion"
window = undefined
"Settings units"
"Before fbx export"
"After fbx export"
"Finished max loading and fbx conversion"
"C:/Users/LG/Desktop/JUMPCO~1/JUMPCO~1/JUMPCO~1/Assets/Object/????.max"
"Starting max loading and fbx conversion"
window = undefined
"Settings units"
"Before fbx export"
"After fbx export"
"Finished max loading and fbx conversion"
"C:/Users/LG/Desktop/JUMPCO~1/JUMPCO~1/JUMPCO~1/Assets/Object/???~2.MAX"
"Starting max loading and fbx conversion"
window = undefined
"Settings units"
"Before fbx export"
"After fbx export"
"Finished max loading and fbx conversion"
"C:/Users/LG/Desktop/JUMPCO~1/JUMPCO~1/JUMPCO~1/Assets/Object/???~1.MAX"
"Starting max loading and fbx conversion"
window = undefined
"Settings units"
"Before fbx export"
"After fbx export"
"Finished max loading and fbx conversion"
"C:/Users/LG/Desktop/JUMPCO~1/JUMPCO~1/JUMPCO~1/Assets/Object/???~1.MAX"
"Starting max loading and fbx conversion"
window = undefined
"Settings units"
"Before fbx export"
"After fbx export"
"Finished max loading and fbx conversion"
